\BOOKMARK [1][-]{tableofcontents.1}{Contents}{}% 1
\BOOKMARK [1][-]{lof.1}{List\040of\040Figures}{}% 2
\BOOKMARK [1][-]{lot.1}{List\040of\040Tables}{}% 3
\BOOKMARK [1][-]{lol.1}{Listings}{}% 4
\BOOKMARK [1][-]{acronyms.1}{Acronyms}{}% 5
\BOOKMARK [0][]{chapter.1}{1\040Introduction}{}% 6
\BOOKMARK [1][-]{section.1.1}{1.1\040Intro\040to\040AI}{chapter.1}% 7
\BOOKMARK [2][-]{subsection.1.1.1}{1.1.1\040On\040governance/policy}{section.1.1}% 8
\BOOKMARK [2][-]{subsection.1.1.2}{1.1.2\040ML}{section.1.1}% 9
\BOOKMARK [2][-]{subsection.1.1.3}{1.1.3\040Big\040Data}{section.1.1}% 10
\BOOKMARK [1][-]{section.1.2}{1.2\040Math\040basics}{chapter.1}% 11
\BOOKMARK [2][-]{subsection.1.2.1}{1.2.1\040Different\040possible\040types\040of\040learning}{section.1.2}% 12
\BOOKMARK [2][-]{subsection.1.2.2}{1.2.2\040Cost\040function}{section.1.2}% 13
\BOOKMARK [2][-]{subsection.1.2.3}{1.2.3\040Data\040processing}{section.1.2}% 14
\BOOKMARK [0][]{chapter.2}{2\040Supervised\040and\040Unsupervised\040learning}{}% 15
\BOOKMARK [1][-]{section.2.1}{2.1\040More\040formal\040introduction\040into\040the\040idea\040of\040Machine\040Learning}{chapter.2}% 16
\BOOKMARK [2][-]{subsection.2.1.1}{2.1.1\040Problem\040set-up\040and\040recipe}{section.2.1}% 17
\BOOKMARK [2][-]{subsection.2.1.2}{2.1.2\040Performance\040evaluation}{section.2.1}% 18
\BOOKMARK [2][-]{subsection.2.1.3}{2.1.3\040title}{section.2.1}% 19
\BOOKMARK [1][-]{section.2.2}{2.2\040Statistics}{chapter.2}% 20
\BOOKMARK [2][-]{subsection.2.2.1}{2.2.1\040Difference\040between\040estimation\040and\040prediction}{section.2.2}% 21
\BOOKMARK [2][-]{subsection.2.2.2}{2.2.2\040Mathematical\040motivation\040to\040presented\040key\040ideas}{section.2.2}% 22
\BOOKMARK [2][-]{subsection.2.2.3}{2.2.3\040Mathematical\040set-up\040of\040every\040problem\040ever}{section.2.2}% 23
\BOOKMARK [2][-]{subsection.2.2.4}{2.2.4\040Language\040of\040optimization\040problems}{section.2.2}% 24
\BOOKMARK [1][-]{section.2.3}{2.3\040Gradient\040descent}{chapter.2}% 25
\BOOKMARK [2][-]{subsection.2.3.1}{2.3.1\040Simple\040gradient\040descent}{section.2.3}% 26
\BOOKMARK [2][-]{subsection.2.3.2}{2.3.2\040Modified\040gradient\040descent}{section.2.3}% 27
\BOOKMARK [2][-]{subsection.2.3.3}{2.3.3\040Practical\040tips\040for\040using\040GD}{section.2.3}% 28
\BOOKMARK [1][-]{section.2.4}{2.4\040Overview\040of\040Bayesian\040Inference}{chapter.2}% 29
\BOOKMARK [2][-]{subsection.2.4.1}{2.4.1\040Language}{section.2.4}% 30
\BOOKMARK [2][-]{subsection.2.4.2}{2.4.2\040Calculations}{section.2.4}% 31
\BOOKMARK [2][-]{subsection.2.4.3}{2.4.3\040Estimation}{section.2.4}% 32
\BOOKMARK [2][-]{subsection.2.4.4}{2.4.4\040Bayesian\040view\040on\040regularization}{section.2.4}% 33
\BOOKMARK [1][-]{section.2.5}{2.5\040Linear\040regression}{chapter.2}% 34
\BOOKMARK [2][-]{subsection.2.5.1}{2.5.1\040Least-square\040regressions\040-frequentist}{section.2.5}% 35
\BOOKMARK [2][-]{subsection.2.5.2}{2.5.2\040Regularized\040Least-square\040regressions-frequentist}{section.2.5}% 36
\BOOKMARK [2][-]{subsection.2.5.3}{2.5.3\040Bayesian\040formulation\040of\040linear\040regression}{section.2.5}% 37
